<?xml version="1.0" encoding="UTF-8"?>
<Site BuildName="(empty)"
	BuildStamp="20251030-1740-Experimental"
	Name="(empty)"
	Generator="ctest-3.25.1"
	CompilerName=""
	CompilerVersion=""
	OSName="Linux"
	Hostname="5db5e29b806c"
	OSRelease="5.15.167.4-microsoft-standard-WSL2"
	OSVersion="#1 SMP Tue Nov 5 00:21:55 UTC 2024"
	OSPlatform="x86_64"
	Is64Bits="1"
	VendorString="AuthenticAMD"
	VendorID="Advanced Micro Devices"
	FamilyID="25"
	ModelID="116"
	ProcessorCacheSize="1024"
	NumberOfLogicalCPU="2"
	NumberOfPhysicalCPU="1"
	TotalVirtualMemory="1024"
	TotalPhysicalMemory="966"
	LogicalProcessorsPerPhysical="2"
	ProcessorClockFrequency="3792.43"
	>
	<Testing>
		<StartDateTime>Oct 30 17:40 UTC</StartDateTime>
		<StartTestTime>1761846015</StartTestTime>
		<TestList/>
		<EndDateTime>Oct 30 17:40 UTC</EndDateTime>
		<EndTestTime>1761846015</EndTestTime>
		<ElapsedMinutes>0</ElapsedMinutes>
	</Testing>
</Site>
